[handleMsg]:  {
  key: {
    remoteJid: '5493814482619@s.whatsapp.net',
    fromMe: false,
    id: '3EB0797F8B35CDFB2315E8',
    participant: undefined
  },
  messageTimestamp: 1742321302,
  pushName: 'Gonza Sinhg',
  broadcast: false,
  message: Message {
    conversation: 'Buen dia',
    messageContextInfo: MessageContextInfo {
      deviceListMetadata: [DeviceListMetadata],
      deviceListMetadataVersion: 2,
      messageSecret: [Uint8Array]
    }
  },
  body: 'Buen dia',
  from: '5493814482619'
}
[QUEUE_SE_ENVIO]:  {
  ref: 'ans_af52b39a-2fad-4178-8bfb-4ed1ede1698a',
  keyword: 'key_603fedcf-e4d9-4dad-aa4c-5d31bbe5974a',
  answer: '🙌 Bienvenido Luki Store',
  options: {
    media: null,
    buttons: [],
    capture: false,
    child: null,
    delay: 100,
    idle: null,
    ref: null,
    nested: [],
    keyword: {},
    callback: true
  },
  refSerialize: 'ddbbda92538e2ef21f4ddd6a5dadd1ee'
}
